#0 building with "default" instance using docker driver

#1 [internal] load build definition from Dockerfile
#1 transferring dockerfile: 618B done
#1 DONE 0.0s

#2 [internal] load metadata for docker.io/rocker/geospatial:4.5.1
#2 DONE 0.3s

#3 [internal] load .dockerignore
#3 transferring context: 2B done
#3 DONE 0.0s

#4 [1/7] FROM docker.io/rocker/geospatial:4.5.1@sha256:30891a7327ce61639068766d44f09e0d806598fbe5b4582b38bd0de05b5dfc42
#4 DONE 0.0s

#5 [internal] load build context
#5 transferring context: 26.16kB done
#5 DONE 0.0s

#6 [2/7] WORKDIR /app
#6 CACHED

#7 [3/7] COPY requirements.R .
#7 CACHED

#8 [4/7] RUN Rscript ./requirements.R
#8 CACHED

#9 [5/7] COPY scripts/ ./scripts/
#9 DONE 0.0s

#10 [6/7] COPY templates/ ./templates/
#10 DONE 0.0s

#11 [7/7] COPY entrypoint.R .
#11 DONE 0.0s

#12 exporting to image
#12 exporting layers
#12 exporting layers 0.1s done
#12 writing image sha256:ab056c64082ef4522dfe99f10cca0dbabbdee53ac62c50a6e1170e478e5faa70 done
#12 naming to docker.io/library/pridec-forecast done
#12 DONE 0.1s
